<?xml version="1.0" encoding="UTF-8"?>
<testsuite name="org.sstamilschool.web.PageControllerTest" tests="2" skipped="0" failures="0" errors="0" timestamp="2026-09-23T09:15:55" hostname="Sarithas-MacBook-Pro.local" time="0.596">
  <properties/>
  <testcase name="informationalPagesAreMapped()" classname="org.sstamilschool.web.PageControllerTest" time="0.572"/>
  <testcase name="homeShowsSchoolWelcome()" classname="org.sstamilschool.web.PageControllerTest" time="0.022"/>
  <system-out><![CDATA[14:45:55.184 [Test worker] INFO org.springframework.test.context.support.AnnotationConfigContextLoaderUtils -- Could not detect default configuration classes for test class [org.sstamilschool.web.PageControllerTest]: PageControllerTest does not declare any static, non-private, non-final, nested classes annotated with @Configuration.
14:45:55.237 [Test worker] INFO org.springframework.boot.test.context.SpringBootTestContextBootstrapper -- Found @SpringBootConfiguration org.sstamilschool.web.SstsIntegratedWebappApplication for test class org.sstamilschool.web.PageControllerTest

  .   ____          _            __ _ _
 /\\ / ___'_ __ _ _(_)_ __  __ _ \ \ \ \
( ( )\___ | '_ | '_| | '_ \/ _` | \ \ \ \
 \\/  ___)| |_)| | | | | || (_| |  ) ) ) )
  '  |____| .__|_| |_|_| |_\__, | / / / /
 =========|_|==============|___/=/_/_/_/

 :: Spring Boot ::                (v3.4.3)

2026-09-23T14:45:55.384+05:30  INFO 12967 --- [ssts-integrated-webapp] [    Test worker] o.sstamilschool.web.PageControllerTest   : Starting PageControllerTest using Java 21.0.4 with PID 12967 (started by sarithamakineni in /Users/sarithamakineni/workspace/ssts-integrated-webapp)
2026-09-23T14:45:55.385+05:30  INFO 12967 --- [ssts-integrated-webapp] [    Test worker] o.sstamilschool.web.PageControllerTest   : No active profile set, falling back to 1 default profile: "default"
2026-09-23T14:45:55.625+05:30  INFO 12967 --- [ssts-integrated-webapp] [    Test worker] o.s.b.a.w.s.WelcomePageHandlerMapping    : Adding welcome page template: index
2026-09-23T14:45:55.711+05:30  INFO 12967 --- [ssts-integrated-webapp] [    Test worker] o.s.b.t.m.w.SpringBootMockServletContext : Initializing Spring TestDispatcherServlet ''
2026-09-23T14:45:55.711+05:30  INFO 12967 --- [ssts-integrated-webapp] [    Test worker] o.s.t.web.servlet.TestDispatcherServlet  : Initializing Servlet ''
2026-09-23T14:45:55.712+05:30  INFO 12967 --- [ssts-integrated-webapp] [    Test worker] o.s.t.web.servlet.TestDispatcherServlet  : Completed initialization in 1 ms
2026-09-23T14:45:55.726+05:30  INFO 12967 --- [ssts-integrated-webapp] [    Test worker] o.sstamilschool.web.PageControllerTest   : Started PageControllerTest in 0.464 seconds (process running for 0.947)
]]></system-out>
  <system-err><![CDATA[Mockito is currently self-attaching to enable the inline-mock-maker. This will no longer work in future releases of the JDK. Please add Mockito as an agent to your build what is described in Mockito's documentation: https://javadoc.io/doc/org.mockito/mockito-core/latest/org/mockito/Mockito.html#0.3
WARNING: A Java agent has been loaded dynamically (/Users/sarithamakineni/.gradle/caches/modules-2/files-2.1/net.bytebuddy/byte-buddy-agent/1.15.11/a38b16385e867f59a641330f0362ebe742788ed8/byte-buddy-agent-1.15.11.jar)
WARNING: If a serviceability tool is in use, please run with -XX:+EnableDynamicAgentLoading to hide this warning
WARNING: If a serviceability tool is not in use, please run with -Djdk.instrument.traceUsage for more information
WARNING: Dynamic loading of agents will be disallowed by default in a future release
]]></system-err>
</testsuite>
